-> 实验启动，设备信息已写入 Device.txt
-> Epoch 1 训练完成，正在进行权重离散化映射..
-> Epoch 1 离散化映射完成 | MeanAbsError: 0.000121 | MaxAbsError: 0.001353
Ep 1/3 | TrAcc: 86.43% | TeAcc: 96.60% | LR: 0.00100 | Time: 13.6s
-> [NEW BEST] Model saved with Test Accuracy: 96.60%
-> Epoch 2 训练完成，正在进行权重离散化映射..
-> Epoch 2 离散化映射完成 | MeanAbsError: 0.000143 | MaxAbsError: 0.001360
Ep 2/3 | TrAcc: 97.01% | TeAcc: 97.40% | LR: 0.00075 | Time: 13.3s
-> [NEW BEST] Model saved with Test Accuracy: 97.40%
-> Epoch 3 训练完成，正在进行权重离散化映射..
-> Epoch 3 离散化映射完成 | MeanAbsError: 0.000145 | MaxAbsError: 0.001370
Ep 3/3 | TrAcc: 98.17% | TeAcc: 97.85% | LR: 0.00025 | Time: 16.0s
-> [NEW BEST] Model saved with Test Accuracy: 97.85%
-> 训练完成，核心产物已输出到 artifacts
{
  "best_test_acc": 0.9785,
  "final_test_acc": 0.9785,
  "macro_f1": 0.9783125405559863,
  "weighted_f1": 0.9784896728706668,
  "device": "cpu",
  "outputs": {
    "best_model": "best_model.pth",
    "device_info": "Device.txt",
    "training_log": "training_log_20260515_231213.log",
    "accuracy_comparison": "accuracy_comparison.png",
    "confusion_matrix": "confusion_matrix.png",
    "tsne_points": "tsne_points.png",
    "metrics_csv": "metrics.csv",
    "tsne_csv": "tsne_points.csv"
  }
}
